<?xml version="1.0" encoding="UTF-8"?>
<!-- Generated by org.testng.reporters.JUnitXMLReporter -->
<testsuite ignored="3" hostname="LTPC0K7AG1" failures="0" tests="1" name="Test TestNg" time="0.049" errors="0" timestamp="22 Aug 2019 08:46:04 GMT">
  <testcase classname="seleniumBasicCode.GroupTest" name="Test3" time="0.013"/>
  <testcase classname="seleniumBasicCode.GroupTest" name="Test1" time="0.0">
    <ignored/>
  </testcase> <!-- Test1 -->
  <testcase classname="seleniumBasicCode.GroupTest" name="Test2" time="0.0">
    <ignored/>
  </testcase> <!-- Test2 -->
  <testcase classname="seleniumBasicCode.GroupTest" name="Test4" time="0.0">
    <ignored/>
  </testcase> <!-- Test4 -->
</testsuite> <!-- Test TestNg -->
